c:\users\samih\onedrive\desktop\data final\finalproject\x64\debug\vc143.pdb
c:\users\samih\onedrive\desktop\data final\finalproject\x64\debug\.netframework,version=v4.8.assemblyattributes.obj
c:\users\samih\onedrive\desktop\data final\finalproject\x64\debug\mainform.obj
c:\users\samih\onedrive\desktop\data final\finalproject\x64\debug\menuform.obj
c:\users\samih\onedrive\desktop\data final\finalproject\x64\debug\dictionary.obj
c:\users\samih\onedrive\desktop\data final\finalproject\x64\debug\addword.obj
c:\users\samih\onedrive\desktop\data final\finalproject\x64\debug\finalproject.mainform.resources
c:\users\samih\onedrive\desktop\data final\finalproject\x64\debug\finalproject.menuform.resources
c:\users\samih\onedrive\desktop\data final\finalproject\x64\debug\finalproject.addword.resources
c:\users\samih\onedrive\desktop\data final\finalproject\x64\debug\finalproject.pdb
c:\users\samih\onedrive\desktop\data final\finalproject\x64\debug\finalproject.exe.metagen
c:\users\samih\onedrive\desktop\data final\finalproject\x64\debug\finalproject.tlog\cl.command.1.tlog
c:\users\samih\onedrive\desktop\data final\finalproject\x64\debug\finalproject.tlog\cl.read.1.tlog
c:\users\samih\onedrive\desktop\data final\finalproject\x64\debug\finalproject.tlog\cl.write.1.tlog
c:\users\samih\onedrive\desktop\data final\finalproject\x64\debug\finalproject.tlog\finalproject.write.1u.tlog
c:\users\samih\onedrive\desktop\data final\finalproject\x64\debug\finalproject.tlog\link.13044-cvtres.read.1.tlog
c:\users\samih\onedrive\desktop\data final\finalproject\x64\debug\finalproject.tlog\link.13044-cvtres.write.1.tlog
c:\users\samih\onedrive\desktop\data final\finalproject\x64\debug\finalproject.tlog\link.13044-rc.read.1.tlog
c:\users\samih\onedrive\desktop\data final\finalproject\x64\debug\finalproject.tlog\link.13044-rc.write.1.tlog
c:\users\samih\onedrive\desktop\data final\finalproject\x64\debug\finalproject.tlog\link.13044.read.1.tlog
c:\users\samih\onedrive\desktop\data final\finalproject\x64\debug\finalproject.tlog\link.13044.read.2.tlog
c:\users\samih\onedrive\desktop\data final\finalproject\x64\debug\finalproject.tlog\link.13044.write.1.tlog
c:\users\samih\onedrive\desktop\data final\finalproject\x64\debug\finalproject.tlog\link.20836-cvtres.read.1.tlog
c:\users\samih\onedrive\desktop\data final\finalproject\x64\debug\finalproject.tlog\link.20836-cvtres.write.1.tlog
c:\users\samih\onedrive\desktop\data final\finalproject\x64\debug\finalproject.tlog\link.20836-rc.read.1.tlog
c:\users\samih\onedrive\desktop\data final\finalproject\x64\debug\finalproject.tlog\link.20836-rc.write.1.tlog
c:\users\samih\onedrive\desktop\data final\finalproject\x64\debug\finalproject.tlog\link.20836.read.1.tlog
c:\users\samih\onedrive\desktop\data final\finalproject\x64\debug\finalproject.tlog\link.20836.read.2.tlog
c:\users\samih\onedrive\desktop\data final\finalproject\x64\debug\finalproject.tlog\link.20836.write.1.tlog
c:\users\samih\onedrive\desktop\data final\finalproject\x64\debug\finalproject.tlog\link.23852-cvtres.read.1.tlog
c:\users\samih\onedrive\desktop\data final\finalproject\x64\debug\finalproject.tlog\link.23852-cvtres.write.1.tlog
c:\users\samih\onedrive\desktop\data final\finalproject\x64\debug\finalproject.tlog\link.23852-rc.read.1.tlog
c:\users\samih\onedrive\desktop\data final\finalproject\x64\debug\finalproject.tlog\link.23852-rc.write.1.tlog
c:\users\samih\onedrive\desktop\data final\finalproject\x64\debug\finalproject.tlog\link.23852.read.1.tlog
c:\users\samih\onedrive\desktop\data final\finalproject\x64\debug\finalproject.tlog\link.23852.read.2.tlog
c:\users\samih\onedrive\desktop\data final\finalproject\x64\debug\finalproject.tlog\link.23852.write.1.tlog
c:\users\samih\onedrive\desktop\data final\finalproject\x64\debug\finalproject.tlog\link.24320-cvtres.read.1.tlog
c:\users\samih\onedrive\desktop\data final\finalproject\x64\debug\finalproject.tlog\link.24320-cvtres.write.1.tlog
c:\users\samih\onedrive\desktop\data final\finalproject\x64\debug\finalproject.tlog\link.24320-rc.read.1.tlog
c:\users\samih\onedrive\desktop\data final\finalproject\x64\debug\finalproject.tlog\link.24320-rc.write.1.tlog
c:\users\samih\onedrive\desktop\data final\finalproject\x64\debug\finalproject.tlog\link.24320.read.1.tlog
c:\users\samih\onedrive\desktop\data final\finalproject\x64\debug\finalproject.tlog\link.24320.read.2.tlog
c:\users\samih\onedrive\desktop\data final\finalproject\x64\debug\finalproject.tlog\link.24320.write.1.tlog
c:\users\samih\onedrive\desktop\data final\finalproject\x64\debug\finalproject.tlog\link.command.1.tlog
c:\users\samih\onedrive\desktop\data final\finalproject\x64\debug\finalproject.tlog\link.read.1.tlog
c:\users\samih\onedrive\desktop\data final\finalproject\x64\debug\finalproject.tlog\link.read.2.tlog
c:\users\samih\onedrive\desktop\data final\finalproject\x64\debug\finalproject.tlog\link.write.1.tlog
c:\users\samih\onedrive\desktop\data final\finalproject\x64\debug\finalproject.tlog\metagen.read.1.tlog
c:\users\samih\onedrive\desktop\data final\finalproject\x64\debug\finalproject.tlog\metagen.write.1.tlog
